<?xml version="1.0" encoding="UTF-8"?>
<testsuite xmlns:xsi="http://www.w3.org/2001/XMLSchema-instance" xsi:noNamespaceSchemaLocation="https://maven.apache.org/surefire/maven-surefire-plugin/xsd/surefire-test-report-3.0.xsd" version="3.0" name="testing.model.TestModel" time="0.163" tests="3" errors="0" skipped="0" failures="0">
  <properties>
[...]
</properties>
  <testcase name="testGetBrailleRepresentation" classname="testing.model.TestModel" time="0.029"/>
  <testcase name="shouldConvertText(String, String)[1]" classname="testing.model.TestModel" time="0.028"/>
  <testcase name="shouldConvertBraille(String, String)[1]" classname="testing.model.TestModel" time="0.002"/>
</testsuite>